[35m[Appium][39m Welcome to Appium v1.22.3
[35m[Appium][39m Non-default server args:
[35m[Appium][39m   port: 36727
[35m[Appium][39m   loglevel: info
[35m[Appium][39m   tmpDir: /tmp/Katalon/Appium/Temp1684235527671
[35m[Appium][39m   chromedriverPort: 44887
[35m[Appium][39m Deprecated server args:
[35m[Appium][39m   [31m--chromedriver-port[39m => --default-capabilities
[35m[Appium][39m Default capabilities, which will be added to each request unless overridden by desired capabilities:
[35m[Appium][39m   chromedriverPort: 44887
[35m[Appium][39m Appium REST http interface listener started on 0.0.0.0:36727
[35m[HTTP][39m [37m-->[39m [37mGET[39m [37m/wd/hub/status[39m
[35m[HTTP][39m [90m{}[39m
[35m[HTTP][39m [37m<-- GET /wd/hub/status [39m[32m200[39m [90m8 ms - 68[39m
[35m[HTTP][39m [90m[39m
[35m[HTTP][39m [37m-->[39m [37mGET[39m [37m/wd/hub/status[39m
[35m[HTTP][39m [90m{}[39m
[35m[HTTP][39m [37m<-- GET /wd/hub/status [39m[32m200[39m [90m1 ms - 68[39m
[35m[HTTP][39m [90m[39m
[35m[HTTP][39m [37m-->[39m [37mPOST[39m [37m/wd/hub/session[39m
[35m[HTTP][39m [90m{"desiredCapabilities":{"app":"/home/dimas/Documents/QA/automate/KatalonStudio/EduApp/mobileapp/HappyDayShopping_1.2.apk","noReset":true,"deviceName":"vivo V2146 (Android 13)","fullReset":false,"platform":"ANDROID","newCommandTimeout":1800,"platformVersion":"13","automationName":"uiautomator2","autoGrantPermissions":true,"platformName":"Android","udid":"34434495980001I","systemPort":40067},"capabilities":{"firstMatch":[{"appium:app":"/home/dimas/Documents/QA/automate/KatalonStudio/EduApp/mobileapp/HappyDayShopping_1.2.apk","appium:autoGrantPermissions":true,"appium:automationName":"uiautomator2","appium:deviceName":"vivo V2146 (Android 13)","appium:fullReset":false,"appium:newCommandTimeout":1800,"appium:noReset":true,"platform":"ANDROID","platformName":"android","appium:platformVersion":"13","appium:systemPort":40067,"appium:udid":"34434495980001I"}]}}[39m
[35m[BaseDriver][39m The following capabilities are not standard capabilities and should have an extension prefix:
[35m[BaseDriver][39m   platform
[35m[BaseDriver][39m   chromedriverPort
[35m[Appium][39m Appium v1.22.3 creating new AndroidUiautomator2Driver (v1.70.1) session
[35m[BaseDriver][39m The following capabilities were provided, but are not recognized by Appium:
[35m[BaseDriver][39m   platform
[35m[BaseDriver][39m Session created with session id: 4fc2db17-a32d-4d7f-9f40-48dfaba291f7
[35m[BaseDriver][39m Using local app '/home/dimas/Documents/QA/automate/KatalonStudio/EduApp/mobileapp/HappyDayShopping_1.2.apk'
[35m[ADB][39m Found 1 'build-tools' folders under '/home/dimas/Android/Sdk' (newest first):
[35m[ADB][39m     /home/dimas/Android/Sdk/build-tools/33.0.2
[35m[ADB][39m Using 'adb' from '/home/dimas/Android/Sdk/platform-tools/adb'
[35m[AndroidDriver][39m Retrieving device list
[35m[AndroidDriver][39m Using device: 34434495980001I
[35m[ADB][39m Using 'adb' from '/home/dimas/Android/Sdk/platform-tools/adb'
[35m[ADB][39m Getting device platform version
[35m[UiAutomator2][39m Relaxing hidden api policy
[35m[ADB][39m Package name: 'com.ecwid.ShopAt.HappyDayShopping'
[35m[ADB][39m Main activity name: 'com.pb.MainActivity'
[35m[ADB][39m Using 'apksigner.jar' from '/home/dimas/Android/Sdk/build-tools/33.0.2/lib/apksigner.jar'
[35m[ADB][39m '/usr/local/lib/node_modules/appium/node_modules/appium-uiautomator2-server/apks/appium-uiautomator2-server-v4.27.0.apk' is signed with the default certificate
[35m[ADB][39m '/usr/local/lib/node_modules/appium/node_modules/appium-uiautomator2-server/apks/appium-uiautomator2-server-debug-androidTest.apk' is signed with the default certificate
[35m[UiAutomator2][39m Server packages are not going to be (re)installed
[35m[ADB][39m Adding packages ["io.appium.settings","io.appium.uiautomator2.server","io.appium.uiautomator2.server.test"] to Doze whitelist
[35m[ADB][39m '/home/dimas/Documents/QA/automate/KatalonStudio/EduApp/mobileapp/HappyDayShopping_1.2.apk' is signed with a non-default certificate
[35m[ADB][39m The application at '/home/dimas/Documents/QA/automate/KatalonStudio/EduApp/mobileapp/HappyDayShopping_1.2.apk' will not be cached, because the device under test has confirmed the support of streamed installs
[35m[ADB][39m The installation of 'HappyDayShopping_1.2.apk' took 5772ms
[35m[UiAutomator2][39m Starting UIAutomator2 server 4.27.0
[35m[UiAutomator2][39m Using UIAutomator2 server from '/usr/local/lib/node_modules/appium/node_modules/appium-uiautomator2-server/apks/appium-uiautomator2-server-v4.27.0.apk' and test from '/usr/local/lib/node_modules/appium/node_modules/appium-uiautomator2-server/apks/appium-uiautomator2-server-debug-androidTest.apk'
[35m[UiAutomator2][39m Waiting up to 30000ms for UiAutomator2 to be online...
[35m[WD Proxy][39m socket hang up
[35m[WD Proxy][39m socket hang up
[35m[WD Proxy][39m socket hang up
[35m[WD Proxy][39m Determined the downstream protocol as 'W3C'
[35m[AndroidDriver][39m Screen already unlocked, doing nothing
[35m[UiAutomator2][39m Starting 'com.ecwid.ShopAt.HappyDayShopping/com.pb.MainActivity and waiting for 'com.ecwid.ShopAt.HappyDayShopping/com.pb.MainActivity'
[35m[Appium][39m New AndroidUiautomator2Driver session created successfully, session 4fc2db17-a32d-4d7f-9f40-48dfaba291f7 added to master session list
[35m[HTTP][39m [37m<-- POST /wd/hub/session [39m[32m200[39m [90m19346 ms - 1350[39m
[35m[HTTP][39m [90m[39m
[35m[HTTP][39m [37m-->[39m [37mGET[39m [37m/wd/hub/session/4fc2db17-a32d-4d7f-9f40-48dfaba291f7[39m
[35m[HTTP][39m [90m{}[39m
[35m[HTTP][39m [37m<-- GET /wd/hub/session/4fc2db17-a32d-4d7f-9f40-48dfaba291f7 [39m[32m200[39m [90m14 ms - 1304[39m
[35m[HTTP][39m [90m[39m
[35m[HTTP][39m [37m-->[39m [37mGET[39m [37m/wd/hub/session/4fc2db17-a32d-4d7f-9f40-48dfaba291f7[39m
[35m[HTTP][39m [90m{}[39m
[35m[HTTP][39m [37m<-- GET /wd/hub/session/4fc2db17-a32d-4d7f-9f40-48dfaba291f7 [39m[32m200[39m [90m7 ms - 1304[39m
[35m[HTTP][39m [90m[39m
[35m[HTTP][39m [37m-->[39m [37mGET[39m [37m/wd/hub/status[39m
[35m[HTTP][39m [90m{}[39m
[35m[HTTP][39m [37m<-- GET /wd/hub/status [39m[32m200[39m [90m1 ms - 68[39m
[35m[HTTP][39m [90m[39m
[35m[HTTP][39m [37m-->[39m [37mPOST[39m [37m/wd/hub/session/4fc2db17-a32d-4d7f-9f40-48dfaba291f7/timeouts[39m
[35m[HTTP][39m [90m{"implicit":60000}[39m
[35m[HTTP][39m [37m<-- POST /wd/hub/session/4fc2db17-a32d-4d7f-9f40-48dfaba291f7/timeouts [39m[32m200[39m [90m2 ms - 14[39m
[35m[HTTP][39m [90m[39m
[35m[HTTP][39m [37m-->[39m [37mGET[39m [37m/wd/hub/session/4fc2db17-a32d-4d7f-9f40-48dfaba291f7/source[39m
[35m[HTTP][39m [90m{}[39m
[35m[W3C (4fc2db17)][39m Driver proxy active, passing request on via HTTP proxy
[35m[WD Proxy][39m Replacing sessionId 2df07076-884a-4995-bc67-62a21d59d533 with 4fc2db17-a32d-4d7f-9f40-48dfaba291f7
[35m[HTTP][39m [37m<-- GET /wd/hub/session/4fc2db17-a32d-4d7f-9f40-48dfaba291f7/source [39m[32m200[39m [90m155 ms - 1921[39m
[35m[HTTP][39m [90m[39m
[35m[HTTP][39m [37m-->[39m [37mGET[39m [37m/wd/hub/session/4fc2db17-a32d-4d7f-9f40-48dfaba291f7/screenshot[39m
[35m[HTTP][39m [90m{}[39m
[35m[HTTP][39m [37m<-- GET /wd/hub/session/4fc2db17-a32d-4d7f-9f40-48dfaba291f7/screenshot [39m[32m200[39m [90m670 ms - 261966[39m
[35m[HTTP][39m [90m[39m
[35m[HTTP][39m [37m-->[39m [37mGET[39m [37m/wd/hub/session/4fc2db17-a32d-4d7f-9f40-48dfaba291f7/source[39m
[35m[HTTP][39m [90m{}[39m
[35m[W3C (4fc2db17)][39m Driver proxy active, passing request on via HTTP proxy
[35m[WD Proxy][39m Replacing sessionId 2df07076-884a-4995-bc67-62a21d59d533 with 4fc2db17-a32d-4d7f-9f40-48dfaba291f7
[35m[HTTP][39m [37m<-- GET /wd/hub/session/4fc2db17-a32d-4d7f-9f40-48dfaba291f7/source [39m[32m200[39m [90m245 ms - 14939[39m
[35m[HTTP][39m [90m[39m
[35m[HTTP][39m [37m-->[39m [37mGET[39m [37m/wd/hub/session/4fc2db17-a32d-4d7f-9f40-48dfaba291f7/screenshot[39m
[35m[HTTP][39m [90m{}[39m
[35m[HTTP][39m [37m<-- GET /wd/hub/session/4fc2db17-a32d-4d7f-9f40-48dfaba291f7/screenshot [39m[32m200[39m [90m1151 ms - 1312046[39m
[35m[HTTP][39m [90m[39m
[35m[HTTP][39m [37m-->[39m [37mDELETE[39m [37m/wd/hub/session/4fc2db17-a32d-4d7f-9f40-48dfaba291f7[39m
[35m[HTTP][39m [90m{}[39m
[35m[Appium][39m Removing session 4fc2db17-a32d-4d7f-9f40-48dfaba291f7 from our master session list
[35m[UiAutomator2][39m Restoring hidden api policy to the device default configuration
[35m[HTTP][39m [37m<-- DELETE /wd/hub/session/4fc2db17-a32d-4d7f-9f40-48dfaba291f7 [39m[32m200[39m [90m541 ms - 14[39m
[35m[HTTP][39m [90m[39m
